<?xml version="1.0" encoding="UTF-8"?>
<!-- Generated by org.testng.reporters.JUnitReportReporter -->
<testsuite skipped="0" hostname="LAPTOP-IS3DCPF8" name="Transformers_Test" tests="1" failures="0" timestamp="2022-12-15T20:55:29 IST" time="258.853" errors="0">
  <testcase name="Transformers" time="258.853" classname="Transformers_Test"/>
  <system-out/>
</testsuite> <!-- Transformers_Test -->
