<?xml version="1.0" encoding="UTF-8"?>
<!-- Generated by org.testng.reporters.JUnitReportReporter -->
<testsuite skipped="0" hostname="LAPTOP-IS3DCPF8" name="Scream_Test" tests="5" failures="0" timestamp="2022-12-16T10:38:29 IST" time="452.935" errors="0">
  <testcase name="Transformers" time="89.526" classname="Scream_Test"/>
  <system-out/>
  <testcase name="Transformers" time="88.909" classname="Scream_Test"/>
  <system-out/>
  <testcase name="Transformers" time="88.550" classname="Scream_Test"/>
  <system-out/>
  <testcase name="Transformers" time="97.592" classname="Scream_Test"/>
  <system-out/>
  <testcase name="Transformers" time="88.358" classname="Scream_Test"/>
  <system-out/>
</testsuite> <!-- Scream_Test -->
