<?xml version="1.0" encoding="UTF-8"?>
<!-- Generated by org.testng.reporters.JUnitReportReporter -->
<testsuite skipped="0" hostname="LAPTOP-IS3DCPF8" name="Transformers_FireFox_Test" tests="1" failures="0" timestamp="2022-12-15T22:28:26 IST" time="213.593" errors="0">
  <testcase name="test" time="213.593" classname="Transformers_FireFox_Test"/>
  <system-out/>
</testsuite> <!-- Transformers_FireFox_Test -->
