<?xml version="1.0" encoding="UTF-8"?>
<!-- Generated by org.testng.reporters.JUnitReportReporter -->
<testsuite skipped="0" hostname="LAPTOP-IS3DCPF8" name="Transformers_edge_test" tests="1" failures="0" timestamp="2022-12-15T23:01:29 IST" time="178.405" errors="0">
  <testcase name="test" time="178.405" classname="Transformers_edge_test"/>
  <system-out/>
</testsuite> <!-- Transformers_edge_test -->
